<?xml version="1.0" encoding="UTF-8"?>
<!-- Generated by org.testng.reporters.JUnitXMLReporter -->
<testsuite hostname="LAPTOP-20464U94" ignored="0" name="Application Test" tests="3" failures="1" timestamp="02 Mar 2019 00:15:26 GMT" time="0.062" errors="0">
  <testcase name="testMethod2" time="0.016" classname="testNGDemo.TestNG_ReportsAndLogs">
    <failure type="java.lang.AssertionError" message="expected [true] but found [false]">
      <![CDATA[java.lang.AssertionError: expected [true] but found [false]
at testNGDemo.TestNG_ReportsAndLogs.testMethod2(TestNG_ReportsAndLogs.java:34)
... Removed 29 stack frames]]>
    </failure>
  </testcase> <!-- testMethod2 -->
  <testcase name="testMethod1" time="0.0" classname="testNGDemo.TestNG_ReportsAndLogs"/>
  <testcase name="testMethod3" time="0.0" classname="testNGDemo.TestNG_ReportsAndLogs">
    <skipped/>
  </testcase> <!-- testMethod3 -->
</testsuite> <!-- Application Test -->
