<?xml version="1.0" encoding="UTF-8"?>
<!-- Generated by org.testng.reporters.JUnitXMLReporter -->
<testsuite hostname="LAPTOP-20464U94" ignored="0" name="Test" tests="2" failures="1" timestamp="02 Mar 2019 19:58:39 GMT" time="50.614" errors="0">
  <testcase name="login" time="49.933" classname="listenerDemo.LoginTestCase_testngxml"/>
  <testcase name="purchaseticket" time="0.004" classname="listenerDemo.LoginTestCase_testngxml">
    <failure type="java.lang.AssertionError" message="expected [true] but found [false]">
      <![CDATA[java.lang.AssertionError: expected [true] but found [false]
at listenerDemo.LoginTestCase_testngxml.purchaseticket(LoginTestCase_testngxml.java:29)
... Removed 29 stack frames]]>
    </failure>
  </testcase> <!-- purchaseticket -->
</testsuite> <!-- Test -->
