<?xml version="1.0" encoding="UTF-8"?>
<!-- Generated by org.testng.reporters.JUnitXMLReporter -->
<testsuite hostname="LAPTOP-20464U94" ignored="0" name="Application Test1" tests="2" failures="1" timestamp="26 Apr 2018 18:39:02 GMT" time="0.047" errors="0">
  <testcase name="testCase1" time="0.008" classname="listenerDemo.TestNG_ListenersTest3"/>
  <testcase name="testCase2" time="0.002" classname="listenerDemo.TestNG_ListenersTest3">
    <failure type="java.lang.AssertionError" message="expected [true] but found [false]">
      <![CDATA[java.lang.AssertionError: expected [true] but found [false]
	at listenerDemo.TestNG_ListenersTest3.testCase2(TestNG_ListenersTest3.java:30)
... Removed 29 stack frames]]>
    </failure>
  </testcase> <!-- testCase2 -->
</testsuite> <!-- Application Test1 -->
