<?xml version="1.0" encoding="UTF-8"?>
<!-- Generated by org.testng.reporters.JUnitXMLReporter -->
<testsuite hostname="LAPTOP-20464U94" ignored="0" name="Application Test" tests="2" failures="1" timestamp="25 Apr 2018 21:08:39 GMT" time="0.048" errors="0">
  <testcase name="testCase1" time="0.013" classname="listenerDemo.TestNG_ListenersTest1"/>
  <testcase name="testCase2" time="0.005" classname="listenerDemo.TestNG_ListenersTest1">
    <failure type="java.lang.AssertionError" message="expected [true] but found [false]">
      <![CDATA[java.lang.AssertionError: expected [true] but found [false]
	at listenerDemo.TestNG_ListenersTest1.testCase2(TestNG_ListenersTest1.java:30)
... Removed 29 stack frames]]>
    </failure>
  </testcase> <!-- testCase2 -->
</testsuite> <!-- Application Test -->
