<?xml version="1.0" encoding="UTF-8"?>
<!-- Generated by org.testng.reporters.JUnitXMLReporter -->
<testsuite hostname="LAPTOP-20464U94" ignored="0" name="Sanity Test Cases" tests="4" failures="0" timestamp="24 Apr 2018 20:18:00 GMT" time="0.015" errors="0">
  <testcase name="testMethod1" time="0.001" classname="testNGClassDemo.testClass1"/>
  <testcase name="testMethod2" time="0.001" classname="testNGClassDemo.testClass1"/>
  <testcase name="testMethod1" time="0.0" classname="testNGClassDemo.testClass2"/>
  <testcase name="testMethod2" time="0.001" classname="testNGClassDemo.testClass2"/>
</testsuite> <!-- Sanity Test Cases -->
