<?xml version="1.0" encoding="UTF-8"?>
<!-- Generated by org.testng.reporters.JUnitXMLReporter -->
<testsuite hostname="LAPTOP-20464U94" ignored="0" name=" abc test" tests="3" failures="0" timestamp="24 Apr 2018 23:05:43 GMT" time="0.054" errors="0">
  <testcase name="test1" time="0.008" classname="testNGDemo.TestNG_group"/>
  <testcase name="test2" time="0.002" classname="testNGDemo.TestNG_group"/>
  <testcase name="test3" time="0.002" classname="testNGDemo.TestNG_group"/>
</testsuite> <!--  abc test -->
