<?xml version="1.0" encoding="UTF-8"?>
<!-- Generated by org.testng.reporters.JUnitXMLReporter -->
<testsuite hostname="LAPTOP-20464U94" ignored="2" name=" xyz test" tests="1" failures="0" timestamp="24 Apr 2018 23:05:43 GMT" time="0.009" errors="0">
  <testcase name="test3" time="0.001" classname="testNGDemo.TestNG_group"/>
  <testcase name="test2" time="0.0" classname="testNGDemo.TestNG_group">
    <ignored/>
  </testcase> <!-- test2 -->
  <testcase name="test1" time="0.0" classname="testNGDemo.TestNG_group">
    <ignored/>
  </testcase> <!-- test1 -->
</testsuite> <!--  xyz test -->
