<?xml version="1.0" encoding="UTF-8"?>
<!-- Generated by org.testng.reporters.JUnitXMLReporter -->
<testsuite hostname="LAPTOP-20464U94" ignored="4" name="Smoke Test Cases" tests="4" failures="0" timestamp="24 Apr 2018 22:08:49 GMT" time="0.046" errors="0">
  <testcase name="testMethod1" time="0.007" classname="testNGDemo.TestClass1"/>
  <testcase name="testMethod2" time="0.003" classname="testNGDemo.TestClass1"/>
  <testcase name="testMethod1" time="0.002" classname="testNGDemo.TestClass2"/>
  <testcase name="testMethod2" time="0.001" classname="testNGDemo.TestClass2"/>
  <testcase name="@AfterTest afterTest" time="0.0" classname="base.BaseTestSuite">
    <ignored/>
  </testcase> <!-- @AfterTest afterTest -->
  <testcase name="@BeforeSuite beforeSuite" time="0.0" classname="base.BaseTestSuite">
    <ignored/>
  </testcase> <!-- @BeforeSuite beforeSuite -->
  <testcase name="@AfterSuite afterSuite" time="0.0" classname="base.BaseTestSuite">
    <ignored/>
  </testcase> <!-- @AfterSuite afterSuite -->
  <testcase name="@BeforeTest beforeTest" time="0.0" classname="base.BaseTestSuite">
    <ignored/>
  </testcase> <!-- @BeforeTest beforeTest -->
</testsuite> <!-- Smoke Test Cases -->
